IQ-TREE multicore version 2.1.2 COVID-edition for Linux 64-bit built Oct 22 2020
Developed by Bui Quang Minh, James Barbetti, Nguyen Lam Tung,
Olga Chernomor, Heiko Schmidt, Dominik Schrempf, Michael Woodhams.

Host:    GObox (AVX, 62 GB RAM)
Command: ../bin/iqtree-2.1.2-Linux/bin/iqtree2 -t gowens22.mappable.variant.combined.dp4.missing80.10kb.concat.treefile --gcf gowens22.mappable.dp4.missing80.10.2kbphysical.trees --prefix gowens22.mappable.dp4.missing80.10.2kbphysical.concordance --cf-verbose
Seed:    154831 (Using SPRNG - Scalable Parallel Random Number Generator)
Time:    Thu Aug  5 12:16:13 2021
Kernel:  AVX - 1 threads (12 CPU cores detected)

HINT: Use -nt option to specify number of threads because your CPU has 12 cores!
HINT: -nt AUTO will automatically determine the best number of threads to use.

Reading tree gowens22.mappable.variant.combined.dp4.missing80.10kb.concat.treefile ...
un-rooted tree with 22 taxa and 41 branches
Reading tree(s) file gowens22.mappable.dp4.missing80.10.2kbphysical.trees ...
3242 tree(s) loaded (0 rooted and 3242 unrooted)
Computing gene concordance factor...
0.409 sec
Tree with concordance factors written to gowens22.mappable.dp4.missing80.10.2kbphysical.concordance.cf.tree
Annotated tree (best viewed in FigTree) written to gowens22.mappable.dp4.missing80.10.2kbphysical.concordance.cf.tree.nex
Tree with branch IDs written to gowens22.mappable.dp4.missing80.10.2kbphysical.concordance.cf.branch
Concordance factors per branch printed to gowens22.mappable.dp4.missing80.10.2kbphysical.concordance.cf.stat
Concordance factors per branch and tree printed to gowens22.mappable.dp4.missing80.10.2kbphysical.concordance.cf.stat_tree
Date and Time: Thu Aug  5 12:16:14 2021
